<?xml version="1.0" encoding="UTF-8"?>
<!-- Generated by org.testng.reporters.JUnitXMLReporter -->
<testsuite hostname="DESKTOP-3SDAQ4G" ignored="0" name="Free CRM App Test Cases" tests="10" failures="0" timestamp="24 Jun 2020 20:48:49 GMT" time="183.066" errors="0">
  <testcase name="loginPageTitleTest" time="0.043" classname="com.crm.qa.testcases.LoginPagetest"/>
  <testcase name="verifyHomepageTitleTest" time="0.128" classname="com.crm.qa.testcases.Homepagetest"/>
  <testcase name="verifyContactsPageLabel" time="0.201" classname="com.crm.qa.testcases.Contactspagetest"/>
  <testcase name="loginTest" time="0.618" classname="com.crm.qa.testcases.LoginPagetest"/>
  <testcase name="verifyUserNameTest" time="0.403" classname="com.crm.qa.testcases.Homepagetest"/>
  <testcase name="selectContactsTest" time="2.348" classname="com.crm.qa.testcases.Contactspagetest"/>
  <testcase name="checkContactTest" time="0.243" classname="com.crm.qa.testcases.Homepagetest"/>
  <testcase name="validateCreatenewContact" time="2.012" classname="com.crm.qa.testcases.Contactspagetest"/>
  <testcase name="validateCreatenewContact" time="3.025" classname="com.crm.qa.testcases.Contactspagetest"/>
  <testcase name="validateCreatenewContact" time="2.56" classname="com.crm.qa.testcases.Contactspagetest"/>
</testsuite> <!-- Free CRM App Test Cases -->
