<?xml version="1.0" encoding="UTF-8"?>
<!-- Generated by org.testng.reporters.JUnitXMLReporter -->
<testsuite hostname="DESKTOP-3SDAQ4G" ignored="0" name="Test" tests="8" failures="0" timestamp="20 Jun 2020 19:39:03 GMT" time="144.268" errors="0">
  <testcase name="loginPageTitleTest" time="0.054" classname="com.crm.qa.testcases.LoginPagetest"/>
  <testcase name="verifyHomepageTitleTest" time="0.127" classname="com.crm.qa.testcases.Homepagetest"/>
  <testcase name="verifyContactsPageLabel" time="0.129" classname="com.crm.qa.testcases.Contactspagetest"/>
  <testcase name="loginTest" time="1.282" classname="com.crm.qa.testcases.LoginPagetest"/>
  <testcase name="verifyUserNameTest" time="0.233" classname="com.crm.qa.testcases.Homepagetest"/>
  <testcase name="selectContactsTest" time="2.353" classname="com.crm.qa.testcases.Contactspagetest"/>
  <testcase name="checkContactTest" time="0.203" classname="com.crm.qa.testcases.Homepagetest"/>
  <testcase name="validateCreatenewContact" time="5.744" classname="com.crm.qa.testcases.Contactspagetest"/>
</testsuite> <!-- Test -->
